2025-03-15 13:23:32,848 - app_logger - INFO - Starting CRM App
2025-03-15 13:23:38,744 - app_logger - INFO - Shutting down CRM App
2025-03-15 13:23:43,977 - app_logger - INFO - Starting CRM App
2025-03-15 13:23:58,505 - app_logger - INFO - Shutting down CRM App
2025-03-15 13:24:03,867 - app_logger - INFO - Starting CRM App
2025-03-15 13:24:09,917 - app_logger - INFO - Shutting down CRM App
2025-03-15 13:24:15,083 - app_logger - INFO - Starting CRM App
2025-03-15 13:28:03,717 - app_logger - INFO - Shutting down CRM App
2025-03-15 13:28:07,764 - app_logger - INFO - Starting CRM App
2025-03-15 13:28:24,033 - app_logger - INFO - Shutting down CRM App
2025-03-15 13:28:29,282 - app_logger - INFO - Starting CRM App
2025-03-15 13:34:13,238 - app_logger - INFO - Shutting down CRM App
2025-03-15 13:36:13,844 - app_logger - INFO - Starting CRM App
2025-03-15 13:36:18,707 - app_logger - INFO - Shutting down CRM App
2025-03-15 13:36:24,441 - app_logger - INFO - Starting CRM App
2025-03-15 13:38:33,918 - app_logger - INFO - Shutting down CRM App
2025-03-15 13:38:38,997 - app_logger - INFO - Starting CRM App
2025-03-15 13:38:45,023 - app_logger - INFO - Shutting down CRM App
2025-03-15 13:38:50,443 - app_logger - INFO - Starting CRM App
2025-03-15 13:38:56,249 - app_logger - INFO - Shutting down CRM App
2025-03-15 13:39:00,039 - app_logger - INFO - Starting CRM App
2025-03-15 14:26:29,081 - app_logger - INFO - Shutting down CRM App
2025-03-15 14:26:35,603 - app_logger - INFO - Starting CRM App
2025-03-15 14:26:44,637 - app_logger - INFO - Shutting down CRM App
2025-03-15 14:26:51,672 - app_logger - INFO - Starting CRM App
2025-03-15 14:27:18,590 - app_logger - INFO - Shutting down CRM App
2025-03-15 14:27:25,979 - app_logger - INFO - Starting CRM App
2025-03-15 14:27:35,726 - app_logger - INFO - Shutting down CRM App
2025-03-15 14:28:17,046 - app_logger - INFO - Starting CRM App
2025-03-15 14:28:25,113 - app_logger - INFO - Shutting down CRM App
2025-03-15 14:28:32,673 - app_logger - INFO - Starting CRM App
2025-03-15 14:28:41,619 - app_logger - INFO - Shutting down CRM App
2025-03-15 14:28:48,007 - app_logger - INFO - Starting CRM App
2025-03-15 14:28:58,405 - app_logger - INFO - Shutting down CRM App
2025-03-15 14:29:04,988 - app_logger - INFO - Starting CRM App
2025-03-15 14:29:12,901 - app_logger - INFO - Shutting down CRM App
2025-03-15 14:29:37,785 - app_logger - INFO - Starting CRM App
2025-03-15 14:29:45,485 - app_logger - INFO - Shutting down CRM App
2025-03-15 14:29:52,492 - app_logger - INFO - Starting CRM App
2025-03-15 14:30:02,083 - app_logger - INFO - Shutting down CRM App
2025-03-15 14:30:09,740 - app_logger - INFO - Starting CRM App
2025-03-15 14:30:19,185 - app_logger - INFO - Shutting down CRM App
2025-03-15 14:30:43,140 - app_logger - INFO - Starting CRM App
2025-03-15 14:30:53,659 - app_logger - INFO - Shutting down CRM App
2025-03-15 14:31:01,301 - app_logger - INFO - Starting CRM App
2025-03-15 14:31:10,064 - app_logger - INFO - Shutting down CRM App
2025-03-15 14:31:33,704 - app_logger - INFO - Starting CRM App
2025-03-15 14:31:43,049 - app_logger - INFO - Shutting down CRM App
2025-03-15 14:31:50,693 - app_logger - INFO - Starting CRM App
2025-03-15 14:33:16,282 - app_logger - INFO - Shutting down CRM App
2025-03-15 14:33:23,359 - app_logger - INFO - Starting CRM App
2025-03-15 14:33:32,630 - app_logger - INFO - Shutting down CRM App
2025-03-15 14:33:40,412 - app_logger - INFO - Starting CRM App
2025-03-15 14:45:11,540 - app_logger - INFO - Shutting down CRM App
2025-03-15 14:45:19,074 - app_logger - INFO - Starting CRM App
2025-03-15 14:45:26,683 - app_logger - INFO - Shutting down CRM App
2025-03-15 14:49:09,928 - app_logger - INFO - Starting CRM App
2025-03-15 14:49:59,184 - app_logger - INFO - Shutting down CRM App
2025-03-15 14:50:05,813 - app_logger - INFO - Starting CRM App
2025-03-15 14:51:26,932 - app_logger - INFO - Shutting down CRM App
2025-03-15 14:51:33,386 - app_logger - INFO - Starting CRM App
2025-03-15 14:51:42,422 - app_logger - INFO - Shutting down CRM App
2025-03-15 14:51:49,978 - app_logger - INFO - Starting CRM App
2025-03-15 15:46:04,782 - app_logger - INFO - Shutting down CRM App
2025-03-15 15:46:11,368 - app_logger - INFO - Starting CRM App
2025-03-15 15:47:42,773 - app_logger - INFO - Shutting down CRM App
2025-03-15 15:47:51,248 - app_logger - INFO - Starting CRM App
2025-03-15 16:01:46,652 - app_logger - INFO - Shutting down CRM App
2025-03-15 16:01:51,869 - app_logger - INFO - Starting CRM App
2025-03-15 16:01:56,447 - app_logger - INFO - Shutting down CRM App
2025-03-15 16:02:01,900 - app_logger - INFO - Starting CRM App
2025-03-15 16:02:17,322 - app_logger - INFO - Shutting down CRM App
2025-03-15 16:02:21,755 - app_logger - INFO - Starting CRM App
2025-03-15 16:04:43,334 - app_logger - INFO - Shutting down CRM App
2025-03-15 16:04:48,480 - app_logger - INFO - Starting CRM App
2025-03-15 16:05:04,680 - app_logger - INFO - Shutting down CRM App
2025-03-15 16:05:10,322 - app_logger - INFO - Starting CRM App
2025-03-15 16:14:11,211 - app_logger - INFO - Shutting down CRM App
2025-03-15 16:14:16,275 - app_logger - INFO - Starting CRM App
2025-03-15 16:14:23,068 - app_logger - INFO - Shutting down CRM App
2025-03-15 16:14:28,902 - app_logger - INFO - Starting CRM App
2025-03-15 16:14:35,488 - app_logger - INFO - Shutting down CRM App
2025-03-15 16:15:25,394 - app_logger - INFO - Starting CRM App
2025-03-15 16:15:32,487 - app_logger - INFO - Shutting down CRM App
2025-03-15 16:15:38,021 - app_logger - INFO - Starting CRM App
2025-03-15 16:15:44,469 - app_logger - INFO - Shutting down CRM App
2025-03-15 16:16:01,805 - app_logger - INFO - Starting CRM App
2025-03-15 16:16:09,019 - app_logger - INFO - Shutting down CRM App
2025-03-15 16:16:14,295 - app_logger - INFO - Starting CRM App
2025-03-15 16:17:01,762 - app_logger - INFO - Shutting down CRM App
2025-03-15 16:17:07,244 - app_logger - INFO - Starting CRM App
2025-03-15 16:17:24,054 - app_logger - INFO - Shutting down CRM App
2025-03-15 16:17:29,802 - app_logger - INFO - Starting CRM App
2025-03-15 16:18:08,715 - app_logger - INFO - Shutting down CRM App
2025-03-15 16:18:14,369 - app_logger - INFO - Starting CRM App
2025-03-15 16:18:20,436 - app_logger - INFO - Shutting down CRM App
2025-03-15 16:18:24,264 - app_logger - INFO - Starting CRM App
2025-03-15 16:18:30,457 - app_logger - INFO - Shutting down CRM App
2025-03-15 16:18:35,617 - app_logger - INFO - Starting CRM App
2025-03-15 16:19:20,477 - app_logger - INFO - Shutting down CRM App
2025-03-15 16:19:25,904 - app_logger - INFO - Starting CRM App
2025-03-15 16:19:43,110 - app_logger - INFO - Shutting down CRM App
2025-03-15 16:19:47,396 - app_logger - INFO - Starting CRM App
2025-03-15 16:22:07,596 - app_logger - INFO - Shutting down CRM App
2025-03-15 16:22:13,061 - app_logger - INFO - Starting CRM App
2025-03-15 16:22:19,863 - app_logger - INFO - Shutting down CRM App
2025-03-15 16:22:25,618 - app_logger - INFO - Starting CRM App
2025-03-15 16:23:02,128 - app_logger - INFO - Shutting down CRM App
2025-03-15 16:23:07,397 - app_logger - INFO - Starting CRM App
2025-03-15 16:23:11,964 - app_logger - INFO - Shutting down CRM App
2025-03-15 16:23:17,586 - app_logger - INFO - Starting CRM App
2025-03-15 16:23:24,122 - app_logger - INFO - Shutting down CRM App
2025-03-15 16:27:19,123 - app_logger - INFO - Starting CRM App
2025-03-15 16:27:25,865 - app_logger - INFO - Shutting down CRM App
2025-03-15 16:27:31,888 - app_logger - INFO - Starting CRM App
2025-03-15 16:27:37,203 - app_logger - INFO - Shutting down CRM App
2025-03-15 16:27:42,585 - app_logger - INFO - Starting CRM App
2025-03-15 16:28:31,697 - app_logger - INFO - Shutting down CRM App
2025-03-15 16:28:37,307 - app_logger - INFO - Starting CRM App
2025-03-15 16:28:43,688 - app_logger - INFO - Shutting down CRM App
2025-03-15 16:28:48,833 - app_logger - INFO - Starting CRM App
2025-03-15 16:29:15,374 - app_logger - INFO - Shutting down CRM App
2025-03-15 16:29:20,740 - app_logger - INFO - Starting CRM App
2025-03-15 16:30:07,913 - app_logger - INFO - Shutting down CRM App
2025-03-15 16:30:13,084 - app_logger - INFO - Starting CRM App
2025-03-15 16:31:11,351 - app_logger - INFO - Shutting down CRM App
2025-03-15 16:31:17,343 - app_logger - INFO - Starting CRM App
2025-03-15 16:31:23,684 - app_logger - INFO - Shutting down CRM App
2025-03-15 16:31:29,203 - app_logger - INFO - Starting CRM App
2025-03-15 16:31:35,085 - app_logger - INFO - Shutting down CRM App
2025-03-15 16:31:40,853 - app_logger - INFO - Starting CRM App
2025-03-15 16:31:47,603 - app_logger - INFO - Shutting down CRM App
2025-03-15 16:31:53,108 - app_logger - INFO - Starting CRM App
2025-03-15 16:32:08,693 - app_logger - INFO - Shutting down CRM App
2025-03-15 16:32:14,525 - app_logger - INFO - Starting CRM App
2025-03-15 16:32:20,379 - app_logger - INFO - Shutting down CRM App
2025-03-15 16:32:24,713 - app_logger - INFO - Starting CRM App
2025-03-15 16:32:30,770 - app_logger - INFO - Shutting down CRM App
2025-03-15 16:32:36,331 - app_logger - INFO - Starting CRM App
2025-03-15 16:33:05,261 - app_logger - INFO - Shutting down CRM App
2025-03-15 16:33:14,425 - app_logger - INFO - Starting CRM App
2025-03-15 16:33:22,074 - app_logger - INFO - Root endpoint accessed
2025-03-15 16:34:19,028 - app_logger - INFO - Shutting down CRM App
2025-03-15 16:34:24,704 - app_logger - INFO - Starting CRM App
2025-03-15 16:34:31,302 - app_logger - INFO - Shutting down CRM App
2025-03-15 16:34:36,747 - app_logger - INFO - Starting CRM App
2025-03-15 16:41:31,129 - app_logger - INFO - Shutting down CRM App
2025-03-15 16:41:38,299 - app_logger - INFO - Starting CRM App
2025-03-15 20:39:52,038 - app_logger - INFO - Shutting down CRM App
2025-03-15 20:47:43,393 - app_logger - INFO - Starting CRM App
2025-03-15 20:48:34,795 - app_logger - INFO - Shutting down CRM App
2025-03-15 20:48:41,860 - app_logger -  - Starting CRM App
2025-03-15 20:48:49,913 - app_logger -  - Shutting down CRM App
INFO: 2025-03-15 20:48:56,506 - app_logger - Starting CRM App
INFO: 2025-03-15 20:49:05,992 - app_logger - Shutting down CRM App
INFO:     2025-03-15 20:49:12,620 - app_logger - Starting CRM App
INFO:     2025-03-15 20:49:53,587 - app_logger - Shutting down CRM App
INFO:     2025-03-15 20:50:00,697 [app_logger - Starting CRM App
INFO:     2025-03-15 20:50:09,263 [app_logger - Shutting down CRM App
INFO:     2025-03-15 20:50:16,024 [app_logger]   Starting CRM App
INFO:     2025-03-15 20:51:16,073 [app_logger]   Running sample task...
INFO:     2025-03-15 20:51:32,263 [app_logger]   Shutting down CRM App
INFO:     2025-03-15 20:51:39,100 [app_logger]   Starting CRM App
INFO:     2025-03-15 20:52:23,269 [app_logger]   Shutting down CRM App
INFO:     2025-03-15 21:18:09,854 [app_logger]   Starting CRM App
INFO:     2025-03-15 21:18:19,966 [app_logger]   Shutting down CRM App
INFO:     2025-03-15 21:18:27,154 [app_logger]   Starting CRM App
INFO:     2025-03-15 21:18:41,615 [app_logger]   Shutting down CRM App
INFO:     2025-03-15 21:18:54,657 [app_logger]   Starting CRM App
INFO:     2025-03-15 21:19:18,529 [app_logger]   Shutting down CRM App
INFO:     2025-03-15 21:19:25,104 [app_logger]   Starting CRM App
INFO:     2025-03-15 21:20:25,167 [app_logger]   Running sample task...
INFO:     2025-03-15 21:20:28,028 [app_logger]   Shutting down CRM App
INFO:     2025-03-15 21:20:34,755 [app_logger]   Starting CRM App
INFO:     2025-03-15 21:20:43,709 [app_logger]   Shutting down CRM App
INFO:     2025-03-15 21:20:50,189 [app_logger]   Starting CRM App
INFO:     2025-03-15 21:21:02,070 [app_logger]   Shutting down CRM App
INFO:     2025-03-15 21:21:08,834 [app_logger]   Starting CRM App
INFO:     2025-03-15 21:22:08,886 [app_logger]   Running sample task...
INFO:     2025-03-15 21:22:35,452 [app_logger]   Shutting down CRM App
INFO:     2025-03-15 21:22:41,801 [app_logger]   Starting CRM App
INFO:     2025-03-15 21:23:32,737 [app_logger]   Shutting down CRM App
INFO:     2025-03-15 21:23:40,288 [app_logger]   Starting CRM App
INFO:     2025-03-15 21:23:50,236 [app_logger]   Shutting down CRM App
INFO:     2025-03-15 21:24:13,442 [app_logger]   Starting CRM App
INFO:     2025-03-15 21:24:23,199 [app_logger]   Shutting down CRM App
INFO:     2025-03-15 21:24:29,930 [app_logger]   Starting CRM App
INFO:     2025-03-15 21:24:40,115 [app_logger]   Shutting down CRM App
INFO:     2025-03-15 21:24:46,571 [app_logger]   Starting CRM App
INFO:     2025-03-15 21:24:57,302 [app_logger]   Shutting down CRM App
INFO:     2025-03-15 21:25:04,574 [app_logger]   Starting CRM App
INFO:     2025-03-15 21:25:12,394 [app_logger]   Shutting down CRM App
INFO:     2025-03-15 21:25:19,632 [app_logger]   Starting CRM App
INFO:     2025-03-15 21:25:31,485 [app_logger]   Shutting down CRM App
INFO:     2025-03-15 21:25:38,400 [app_logger]   Starting CRM App
INFO:     2025-03-15 21:25:45,541 [app_logger]   Shutting down CRM App
INFO:     2025-03-15 21:25:51,987 [app_logger]   Starting CRM App
INFO:     2025-03-15 21:26:30,041 [app_logger]   Shutting down CRM App
INFO:     2025-03-15 21:26:37,499 [app_logger]   Starting CRM App
INFO:     2025-03-15 21:26:52,982 [app_logger]   Starting CRM App
INFO:     2025-03-15 21:27:34,182 [app_logger]   Shutting down CRM App
INFO:     2025-03-15 21:27:40,647 [app_logger]   Starting CRM App
INFO:     2025-03-15 21:28:12,482 [app_logger]   Shutting down CRM App
INFO:     2025-03-15 21:28:19,069 [app_logger]   Starting CRM App
INFO:     2025-03-15 21:28:41,509 [app_logger]   Shutting down CRM App
INFO:     2025-03-15 21:28:48,508 [app_logger]   Starting CRM App
INFO:     2025-03-15 21:29:26,531 [app_logger]   Shutting down CRM App
INFO:     2025-03-15 21:29:33,270 [app_logger]   Starting CRM App
INFO:     2025-03-15 21:29:42,544 [app_logger]   Shutting down CRM App
INFO:     2025-03-15 21:29:49,217 [app_logger]   Starting CRM App
INFO:     2025-03-15 21:29:57,564 [app_logger]   Shutting down CRM App
INFO:     2025-03-15 21:30:04,106 [app_logger]   Starting CRM App
INFO:     2025-03-15 21:31:03,163 [app_logger]   Shutting down CRM App
INFO:     2025-03-15 21:31:10,716 [app_logger]   Starting CRM App
INFO:     2025-03-15 21:31:19,777 [app_logger]   Shutting down CRM App
INFO:     2025-03-15 21:31:41,537 [app_logger]   Database tables created successfully.
INFO:     2025-03-15 21:31:41,575 [app_logger]   Starting CRM App
INFO:     2025-03-15 21:31:51,428 [app_logger]   Shutting down CRM App
INFO:     2025-03-15 21:31:58,373 [app_logger]   Database tables created successfully.
INFO:     2025-03-15 21:31:58,410 [app_logger]   Starting CRM App
INFO:     2025-03-16 10:59:58,422 [app_logger]   Running sample task...
INFO:     2025-03-16 11:00:58,422 [app_logger]   Running sample task...
INFO:     2025-03-16 11:01:58,421 [app_logger]   Running sample task...
INFO:     2025-03-16 11:08:58,421 [app_logger]   Running sample task...
INFO:     2025-03-16 11:09:58,422 [app_logger]   Running sample task...
INFO:     2025-03-16 11:10:15,428 [app_logger]   Shutting down CRM App
INFO:     2025-03-16 11:10:20,844 [app_logger]   Database tables created successfully.
INFO:     2025-03-16 11:10:20,883 [app_logger]   Starting CRM App
INFO:     2025-03-16 11:10:25,854 [app_logger]   Shutting down CRM App
INFO:     2025-03-16 11:10:30,426 [app_logger]   Database tables created successfully.
INFO:     2025-03-16 11:10:30,462 [app_logger]   Starting CRM App
INFO:     2025-03-16 11:10:35,941 [app_logger]   Shutting down CRM App
INFO:     2025-03-16 11:10:40,617 [app_logger]   Database tables created successfully.
INFO:     2025-03-16 11:10:40,649 [app_logger]   Starting CRM App
INFO:     2025-03-16 11:10:45,744 [app_logger]   Shutting down CRM App
INFO:     2025-03-16 11:10:50,365 [app_logger]   Database tables created successfully.
INFO:     2025-03-16 11:10:50,396 [app_logger]   Starting CRM App
INFO:     2025-03-16 11:11:14,282 [app_logger]   Shutting down CRM App
INFO:     2025-03-16 11:11:18,694 [app_logger]   Database tables created successfully.
INFO:     2025-03-16 11:11:18,723 [app_logger]   Starting CRM App
INFO:     2025-03-16 11:11:42,792 [app_logger]   Shutting down CRM App
INFO:     2025-03-16 11:11:47,489 [app_logger]   Database tables created successfully.
INFO:     2025-03-16 11:11:47,528 [app_logger]   Starting CRM App
INFO:     2025-03-16 11:12:11,705 [app_logger]   Shutting down CRM App
INFO:     2025-03-16 11:12:16,378 [app_logger]   Database tables created successfully.
INFO:     2025-03-16 11:12:16,409 [app_logger]   Starting CRM App
INFO:     2025-03-16 11:12:57,787 [app_logger]   Shutting down CRM App
INFO:     2025-03-16 11:13:02,251 [app_logger]   Database tables created successfully.
INFO:     2025-03-16 11:13:02,283 [app_logger]   Starting CRM App
INFO:     2025-03-16 11:13:16,340 [app_logger]   Shutting down CRM App
INFO:     2025-03-16 11:13:21,109 [app_logger]   Database tables created successfully.
INFO:     2025-03-16 11:13:21,141 [app_logger]   Starting CRM App
INFO:     2025-03-16 11:13:44,155 [app_logger]   Shutting down CRM App
INFO:     2025-03-16 11:13:48,522 [app_logger]   Database tables created successfully.
INFO:     2025-03-16 11:13:48,556 [app_logger]   Starting CRM App
INFO:     2025-03-16 11:14:03,363 [app_logger]   Shutting down CRM App
INFO:     2025-03-16 11:14:07,374 [app_logger]   Database tables created successfully.
INFO:     2025-03-16 11:14:07,406 [app_logger]   Starting CRM App
INFO:     2025-03-16 11:15:07,416 [app_logger]   Running sample task...
INFO:     2025-03-16 11:15:17,951 [app_logger]   Shutting down CRM App
INFO:     2025-03-16 11:15:22,807 [app_logger]   Database tables created successfully.
INFO:     2025-03-16 11:15:22,838 [app_logger]   Starting CRM App
